{"C:\\Users\\vanta\\OneDrive\\Документы\\BYU_year_3\\CSE341-All-Projects\\CSE341-W06-W07-Group-Project\\server.js": {"path":"C:\\Users\\vanta\\OneDrive\\Документы\\BYU_year_3\\CSE341-All-Projects\\CSE341-W06-W07-Group-Project\\server.js","statementMap":{"0":{"start":{"line":6,"column":0},"end":{"line":6,"column":27}},"1":{"start":{"line":9,"column":16},"end":{"line":9,"column":34}},"2":{"start":{"line":10,"column":16},"end":{"line":10,"column":42}},"3":{"start":{"line":11,"column":17},"end":{"line":11,"column":36}},"4":{"start":{"line":12,"column":18},"end":{"line":12,"column":47}},"5":{"start":{"line":15,"column":11},"end":{"line":15,"column":40}},"6":{"start":{"line":16,"column":15},"end":{"line":16,"column":34}},"7":{"start":{"line":17,"column":0},"end":{"line":17,"column":29}},"8":{"start":{"line":18,"column":20},"end":{"line":18,"column":52}},"9":{"start":{"line":21,"column":12},"end":{"line":21,"column":21}},"10":{"start":{"line":22,"column":13},"end":{"line":22,"column":37}},"11":{"start":{"line":25,"column":0},"end":{"line":25,"column":24}},"12":{"start":{"line":26,"column":0},"end":{"line":26,"column":48}},"13":{"start":{"line":29,"column":0},"end":{"line":33,"column":4}},"14":{"start":{"line":36,"column":0},"end":{"line":36,"column":31}},"15":{"start":{"line":37,"column":0},"end":{"line":37,"column":28}},"16":{"start":{"line":40,"column":0},"end":{"line":40,"column":68}},"17":{"start":{"line":43,"column":0},"end":{"line":43,"column":21}},"18":{"start":{"line":46,"column":0},"end":{"line":46,"column":61}},"19":{"start":{"line":49,"column":0},"end":{"line":57,"column":3}},"20":{"start":{"line":50,"column":2},"end":{"line":56,"column":3}},"21":{"start":{"line":51,"column":4},"end":{"line":51,"column":56}},"22":{"start":{"line":53,"column":4},"end":{"line":55,"column":7}},"23":{"start":{"line":54,"column":6},"end":{"line":54,"column":64}},"24":{"start":{"line":59,"column":0},"end":{"line":59,"column":21}}},"fnMap":{"0":{"name":"(anonymous_0)","decl":{"start":{"line":49,"column":10},"end":{"line":49,"column":11}},"loc":{"start":{"line":49,"column":19},"end":{"line":57,"column":1}},"line":49},"1":{"name":"(anonymous_1)","decl":{"start":{"line":53,"column":21},"end":{"line":53,"column":22}},"loc":{"start":{"line":53,"column":27},"end":{"line":55,"column":5}},"line":53}},"branchMap":{"0":{"loc":{"start":{"line":22,"column":13},"end":{"line":22,"column":37}},"type":"binary-expr","locations":[{"start":{"line":22,"column":13},"end":{"line":22,"column":29}},{"start":{"line":22,"column":33},"end":{"line":22,"column":37}}],"line":22},"1":{"loc":{"start":{"line":30,"column":10},"end":{"line":30,"column":57}},"type":"binary-expr","locations":[{"start":{"line":30,"column":10},"end":{"line":30,"column":36}},{"start":{"line":30,"column":40},"end":{"line":30,"column":57}}],"line":30},"2":{"loc":{"start":{"line":50,"column":2},"end":{"line":56,"column":3}},"type":"if","locations":[{"start":{"line":50,"column":2},"end":{"line":56,"column":3}},{"start":{"line":52,"column":9},"end":{"line":56,"column":3}}],"line":50}},"s":{"0":1,"1":1,"2":1,"3":1,"4":1,"5":1,"6":1,"7":1,"8":1,"9":1,"10":1,"11":1,"12":1,"13":1,"14":1,"15":1,"16":1,"17":1,"18":1,"19":1,"20":1,"21":0,"22":1,"23":1,"24":1},"f":{"0":1,"1":1},"b":{"0":[1,1],"1":[1,1],"2":[0,1]},"_coverageSchema":"1a1c01bbd47fc00a2c39e90264f33305004495a9","hash":"d0ca18e97a9fc4101921b6e5c617a6d68a37310d"}
,"C:\\Users\\vanta\\OneDrive\\Документы\\BYU_year_3\\CSE341-All-Projects\\CSE341-W06-W07-Group-Project\\routes\\index.js": {"path":"C:\\Users\\vanta\\OneDrive\\Документы\\BYU_year_3\\CSE341-All-Projects\\CSE341-W06-W07-Group-Project\\routes\\index.js","statementMap":{"0":{"start":{"line":3,"column":16},"end":{"line":3,"column":34}},"1":{"start":{"line":4,"column":15},"end":{"line":4,"column":31}},"2":{"start":{"line":5,"column":11},"end":{"line":5,"column":41}},"3":{"start":{"line":8,"column":0},"end":{"line":10,"column":3}},"4":{"start":{"line":9,"column":3},"end":{"line":9,"column":76}},"5":{"start":{"line":14,"column":0},"end":{"line":14,"column":41}},"6":{"start":{"line":15,"column":0},"end":{"line":15,"column":46}},"7":{"start":{"line":16,"column":0},"end":{"line":16,"column":51}},"8":{"start":{"line":20,"column":0},"end":{"line":20,"column":24}}},"fnMap":{"0":{"name":"(anonymous_0)","decl":{"start":{"line":8,"column":16},"end":{"line":8,"column":17}},"loc":{"start":{"line":8,"column":30},"end":{"line":10,"column":1}},"line":8}},"branchMap":{},"s":{"0":1,"1":1,"2":1,"3":1,"4":1,"5":1,"6":1,"7":1,"8":1},"f":{"0":1},"b":{},"_coverageSchema":"1a1c01bbd47fc00a2c39e90264f33305004495a9","hash":"1cb0ba8d35c03bd9688b471d30bb0f02f6ac26ed"}
}
