TN:
SF:server.js
FN:49,(anonymous_0)
FN:53,(anonymous_1)
FNF:2
FNH:2
FNDA:1,(anonymous_0)
FNDA:1,(anonymous_1)
DA:6,1
DA:9,1
DA:10,1
DA:11,1
DA:12,1
DA:15,1
DA:16,1
DA:17,1
DA:18,1
DA:21,1
DA:22,1
DA:25,1
DA:26,1
DA:29,1
DA:36,1
DA:37,1
DA:40,1
DA:43,1
DA:46,1
DA:49,1
DA:50,1
DA:51,0
DA:53,1
DA:54,1
DA:59,1
LF:25
LH:24
BRDA:22,0,0,1
BRDA:22,0,1,1
BRDA:30,1,0,1
BRDA:30,1,1,1
BRDA:50,2,0,0
BRDA:50,2,1,1
BRF:6
BRH:5
end_of_record
TN:
SF:routes\index.js
FN:8,(anonymous_0)
FNF:1
FNH:1
FNDA:1,(anonymous_0)
DA:3,1
DA:4,1
DA:5,1
DA:8,1
DA:9,1
DA:14,1
DA:15,1
DA:16,1
DA:20,1
LF:9
LH:9
BRF:0
BRH:0
end_of_record
