TN:
SF:server.js
FN:49,(anonymous_0)
FN:53,(anonymous_1)
FNF:2
FNH:2
FNDA:1,(anonymous_0)
FNDA:1,(anonymous_1)
DA:6,1
DA:9,1
DA:10,1
DA:11,1
DA:12,1
DA:15,1
DA:16,1
DA:17,1
DA:18,1
DA:21,1
DA:22,1
DA:25,1
DA:26,1
DA:29,1
DA:36,1
DA:37,1
DA:40,1
DA:43,1
DA:46,1
DA:49,1
DA:50,1
DA:51,0
DA:53,1
DA:54,1
DA:59,1
LF:25
LH:24
BRDA:22,0,0,1
BRDA:22,0,1,1
BRDA:30,1,0,1
BRDA:30,1,1,1
BRDA:50,2,0,0
BRDA:50,2,1,1
BRF:6
BRH:5
end_of_record
TN:
SF:controllers\platforms.js
FN:6,(anonymous_0)
FN:11,(anonymous_1)
FN:20,(anonymous_2)
FN:41,(anonymous_3)
FN:61,(anonymous_4)
FN:73,(anonymous_5)
FNF:6
FNH:2
FNDA:1,(anonymous_0)
FNDA:1,(anonymous_1)
FNDA:0,(anonymous_2)
FNDA:0,(anonymous_3)
FNDA:0,(anonymous_4)
FNDA:0,(anonymous_5)
DA:3,1
DA:4,1
DA:6,1
DA:7,1
DA:8,1
DA:11,1
DA:12,1
DA:13,1
DA:14,1
DA:15,1
DA:17,0
DA:20,1
DA:21,0
DA:23,0
DA:24,0
DA:25,0
DA:28,0
DA:36,0
DA:37,0
DA:41,1
DA:42,0
DA:44,0
DA:45,0
DA:46,0
DA:47,0
DA:50,0
DA:51,0
DA:52,0
DA:53,0
DA:54,0
DA:56,0
DA:57,0
DA:61,1
DA:62,0
DA:63,0
DA:64,0
DA:65,0
DA:68,0
DA:69,0
DA:73,1
DA:74,0
DA:75,0
DA:77,0
DA:78,0
DA:79,0
DA:82,0
DA:83,0
DA:85,0
LF:48
LH:14
BRDA:13,0,0,1
BRDA:13,0,1,0
BRDA:23,1,0,0
BRDA:23,1,1,0
BRDA:45,2,0,0
BRDA:45,2,1,0
BRDA:50,3,0,0
BRDA:50,3,1,0
BRDA:51,4,0,0
BRDA:51,4,1,0
BRDA:52,5,0,0
BRDA:52,5,1,0
BRDA:53,6,0,0
BRDA:53,6,1,0
BRDA:54,7,0,0
BRDA:54,7,1,0
BRDA:63,8,0,0
BRDA:63,8,1,0
BRDA:77,9,0,0
BRDA:77,9,1,0
BRF:20
BRH:1
end_of_record
